<?xml version='1.0' encoding='UTF-8'?>
<testsuite hostname="LAPTOP-476JT8H0" name="OneBit4to1MuxSpec" tests="1" errors="0" failures="0" skipped="0" time="2.025" timestamp="2024-04-24T17:15:28">
          <properties>
      <property name="java.specification.version" value="20"/><property name="sun.cpu.isalist" value="amd64"/><property name="sun.jnu.encoding" value="GBK"/><property name="sun.arch.data.model" value="64"/><property name="java.vendor.url" value="https://java.oracle.com/"/><property name="sun.boot.library.path" value="D:\java\bin"/><property name="sun.java.command" value="xsbt.boot.Boot testOnly *OneBit4to1MuxSpec"/><property name="jdk.debug" value="release"/><property name="java.specification.vendor" value="Oracle Corporation"/><property name="java.version.date" value="2023-07-18"/><property name="java.home" value="D:\java"/><property name="file.separator" value="\"/><property name="java.vm.compressedOopsMode" value="32-bit"/><property name="line.separator" value="
"/><property name="java.vm.specification.vendor" value="Oracle Corporation"/><property name="java.specification.name" value="Java Platform API Specification"/><property name="user.script" value=""/><property name="sun.management.compiler" value="HotSpot 64-Bit Tiered Compilers"/><property name="java.runtime.version" value="20.0.2+9-78"/><property name="user.name" value="Lenovo"/><property name="log4j.ignoreTCL" value="true"/><property name="file.encoding" value="UTF-8"/><property name="jnidispatch.path" value="C:\Users\Lenovo\AppData\Local\Temp\jna--2022488749\jna15480413912136222398.dll"/><property name="jna.loaded" value="true"/><property name="java.io.tmpdir" value="C:\Users\Lenovo\AppData\Local\Temp\"/><property name="java.version" value="20.0.2"/><property name="java.vm.specification.name" value="Java Virtual Machine Specification"/><property name="sun.os.patch.level" value=""/><property name="native.encoding" value="GBK"/><property name="java.library.path" value="D:\java\bin;C:\WINDOWS\Sun\Java\bin;C:\WINDOWS\system32;C:\WINDOWS;C:\Program Files\Common Files\Oracle\Java\javapath;D:\python\Scripts\;D:\python\;C:\Program Files\NVIDIA GPU Computing Toolkit\CUDA\v11.7\bin;C:\Program Files\NVIDIA GPU Computing Toolkit\CUDA\v11.7\libnvvp;C:\Program Files (x86)\Common Files\Oracle\Java\javapath;C:\Windows\system32;C:\Windows;C:\Windows\System32\Wbem;C:\Windows\System32\WindowsPowerShell\v1.0\;C:\Windows\System32\OpenSSH\;C:\WINDOWS\system32;C:\WINDOWS;C:\WINDOWS\System32\Wbem;C:\WINDOWS\System32\WindowsPowerShell\v1.0\;C:\WINDOWS\System32\OpenSSH\;C:\Program Files\Microsoft SQL Server\Client SDK\ODBC\110\Tools\Binn\;C:\Program Files (x86)\Microsoft SQL Server\120\Tools\Binn\;C:\Program Files\Microsoft SQL Server\120\Tools\Binn\;C:\Program Files\Microsoft SQL Server\120\DTS\Binn\;C:\Program Files (x86)\Windows Kits\8.1\Windows Performance Toolkit\;C:\Program Files\NVIDIA Corporation\Nsight Compute 2022.2.1\;C:\Program Files\NVIDIA Corporation\NVIDIA NvDLISR;C:\Program Files\NVIDIA GPU Computing Toolkit\CUDA\v11.7\bin;C:\Program Files\NVIDIA GPU Computing Toolkit\CUDA\v11.7\include;C:\Program Files\NVIDIA GPU Computing Toolkit\CUDA\v11.7\lib;C:\Program Files\NVIDIA GPU Computing Toolkit\CUDA\v11.7\libnvvp;D:\MinGW\bin;E:\Program Files (x86)\Tencent\微信web开发者工具\dll;C:\P;o;ram Files\Git\cmd;D:\Microsoft VS Code\bin;E:\phantomjs-2.5.0-beta2-windows\bin;E:\devTools\nodejs\;E:\devTools\nodejs\node_global;%MODE_PATH%;E:\devTools\maven\apache-maven-3.8.8\bin;D:\scala\bin;D:\sbt\bin;C:\Program Files\Git\cmd;D:\Anaconda;D:\Anaconda\Library\mingw-w64\bin;D:\Anaconda\Library\usr\bin;D:\Anaconda\Library\bin;D:\Anaconda\Scripts;D:\Anaconda1;D:\Anaconda1\Library\mingw-w64\bin;D:\Anaconda1\Library\usr\bin;D:\Anaconda1\Library\bin;D:\Anaconda1\Scripts;D:\python\python for windows\Scripts\;D:\python\python for windows\;C:\Users\Lenovo\AppData\Local\Microsoft\WindowsApps;%CLion%;D:\.vscode\Microsoft VS Code\bin;D:\PyCharm 2023.1\bin;D:\Program Files\Graphviz\bin;D:\Program Files\JetBrains\IntelliJ IDEA 2023.2.2\bin;;."/><property name="stderr.encoding" value="ms936"/><property name="java.vendor" value="Oracle Corporation"/><property name="scala.ext.dirs" value="C:\Users\Lenovo\.sbt\1.0\java9-rt-ext-oracle_corporation_20_0_2"/><property name="sun.io.unicode.encoding" value="UnicodeLittle"/><property name="java.class.path" value="D:\sbt\bin\sbt-launch.jar"/><property name="java.vm.vendor" value="Oracle Corporation"/><property name="user.variant" value=""/><property name="jline.shutdownhook" value="false"/><property name="user.timezone" value="Asia/Shanghai"/><property name="java.vm.specification.version" value="20"/><property name="os.name" value="Windows 11"/><property name="sun.java.launcher" value="SUN_STANDARD"/><property name="user.country" value="CN"/><property name="sun.cpu.endian" value="little"/><property name="user.home" value="C:\Users\Lenovo"/><property name="user.language" value="zh"/><property name="sbt.ipcsocket.tmpdir" value="C:\Users\Lenovo\AppData\Local\Temp\.sbtf5421c8a\ipcsocket"/><property name="swoval.tmpdir" value="C:\Users\Lenovo\AppData\Local\Temp\.sbtf5421c8a\swoval"/><property name="jline.esc.timeout" value="0"/><property name="stdout.encoding" value="ms936"/><property name="path.separator" value=";"/><property name="os.version" value="10.0"/><property name="jna.nosys" value="true"/><property name="java.runtime.name" value="Java(TM) SE Runtime Environment"/><property name="java.vm.name" value="Java HotSpot(TM) 64-Bit Server VM"/><property name="java.vendor.url.bug" value="https://bugreport.java.com/bugreport/"/><property name="user.dir" value="D:\learn\opean\hello-world"/><property name="os.arch" value="amd64"/><property name="java.vm.info" value="mixed mode, sharing"/><property name="java.vm.version" value="20.0.2+9-78"/><property name="java.class.version" value="64.0"/>
    </properties>
          <testcase classname="OneBit4to1MuxSpec" name="OneBit4to1Mux should correctly select input based on sel and EN_n" time="2.025">
                      
                    </testcase>
          <system-out><![CDATA[]]></system-out>
          <system-err><![CDATA[]]></system-err>
        </testsuite>